<?xml version="1.0" encoding="UTF-8"?>
<!-- Generated by org.testng.reporters.JUnitReportReporter -->
<testsuite hostname="Rohityadav" name="draup.rolodex" tests="21" failures="0" timestamp="22 Jan 2018 09:59:34 GMT" time="71.993" errors="1">
  <testcase name="get_rolodex_exited_executives" time="3.483" classname="draup.rolodex"/>
  <testcase name="get_rolodex_ui_filter_company" time="3.447" classname="draup.rolodex"/>
  <testcase name="get_rolodex_executive_about" time="3.426" classname="draup.rolodex"/>
  <testcase name="get_rolodex_names_suggestion" time="3.431" classname="draup.rolodex"/>
  <testcase name="get_rolodex_ui_filter_locations" time="1.694" classname="draup.rolodex">
    <error type="java.lang.AssertionError" message="1 expectation failed.
Expected status code &lt;200&gt; but was &lt;404&gt;.
">
      <![CDATA[java.lang.AssertionError: 1 expectation failed.
Expected status code <200> but was <404>.

	at sun.reflect.NativeConstructorAccessorImpl.newInstance0(Native Method)
	at sun.reflect.NativeConstructorAccessorImpl.newInstance(Unknown Source)
	at sun.reflect.DelegatingConstructorAccessorImpl.newInstance(Unknown Source)
	at java.lang.reflect.Constructor.newInstance(Unknown Source)
	at org.codehaus.groovy.reflection.CachedConstructor.invoke(CachedConstructor.java:83)
	at org.codehaus.groovy.reflection.CachedConstructor.doConstructorInvoke(CachedConstructor.java:77)
	at org.codehaus.groovy.runtime.callsite.ConstructorSite$ConstructorSiteNoUnwrap.callConstructor(ConstructorSite.java:84)
	at org.codehaus.groovy.runtime.callsite.CallSiteArray.defaultCallConstructor(CallSiteArray.java:60)
	at org.codehaus.groovy.runtime.callsite.AbstractCallSite.callConstructor(AbstractCallSite.java:235)
	at org.codehaus.groovy.runtime.callsite.AbstractCallSite.callConstructor(AbstractCallSite.java:247)
	at io.restassured.internal.ResponseSpecificationImpl$HamcrestAssertionClosure.validate(ResponseSpecificationImpl.groovy:471)
	at io.restassured.internal.ResponseSpecificationImpl$HamcrestAssertionClosure$validate$1.call(Unknown Source)
	at io.restassured.internal.ResponseSpecificationImpl.validateResponseIfRequired(ResponseSpecificationImpl.groovy:643)
	at sun.reflect.NativeMethodAccessorImpl.invoke0(Native Method)
	at sun.reflect.NativeMethodAccessorImpl.invoke(Unknown Source)
	at sun.reflect.DelegatingMethodAccessorImpl.invoke(Unknown Source)
	at java.lang.reflect.Method.invoke(Unknown Source)
	at org.codehaus.groovy.runtime.callsite.PogoMetaMethodSite$PogoCachedMethodSiteNoUnwrapNoCoerce.invoke(PogoMetaMethodSite.java:210)
	at org.codehaus.groovy.runtime.callsite.PogoMetaMethodSite.callCurrent(PogoMetaMethodSite.java:59)
	at org.codehaus.groovy.runtime.callsite.AbstractCallSite.callCurrent(AbstractCallSite.java:166)
	at io.restassured.internal.ResponseSpecificationImpl.statusCode(ResponseSpecificationImpl.groovy:122)
	at io.restassured.specification.ResponseSpecification$statusCode$0.callCurrent(Unknown Source)
	at io.restassured.internal.ResponseSpecificationImpl.statusCode(ResponseSpecificationImpl.groovy:130)
	at io.restassured.internal.ValidatableResponseOptionsImpl.statusCode(ValidatableResponseOptionsImpl.java:117)
	at draup.rolodex.status_check_200(rolodex.java:55)
	at draup.rolodex.get_rolodex_ui_filter_locations(rolodex.java:172)
	at sun.reflect.NativeMethodAccessorImpl.invoke0(Native Method)
	at sun.reflect.NativeMethodAccessorImpl.invoke(Unknown Source)
	at sun.reflect.DelegatingMethodAccessorImpl.invoke(Unknown Source)
	at java.lang.reflect.Method.invoke(Unknown Source)
	at org.testng.internal.MethodInvocationHelper.invokeMethod(MethodInvocationHelper.java:84)
	at org.testng.internal.Invoker.invokeMethod(Invoker.java:714)
	at org.testng.internal.Invoker.invokeTestMethod(Invoker.java:901)
	at org.testng.internal.Invoker.invokeTestMethods(Invoker.java:1231)
	at org.testng.internal.TestMethodWorker.invokeTestMethods(TestMethodWorker.java:127)
	at org.testng.internal.TestMethodWorker.run(TestMethodWorker.java:111)
	at org.testng.TestRunner.privateRun(TestRunner.java:767)
	at org.testng.TestRunner.run(TestRunner.java:617)
	at org.testng.SuiteRunner.runTest(SuiteRunner.java:348)
	at org.testng.SuiteRunner.runSequentially(SuiteRunner.java:343)
	at org.testng.SuiteRunner.privateRun(SuiteRunner.java:305)
	at org.testng.SuiteRunner.run(SuiteRunner.java:254)
	at org.testng.SuiteRunnerWorker.runSuite(SuiteRunnerWorker.java:52)
	at org.testng.SuiteRunnerWorker.run(SuiteRunnerWorker.java:86)
	at org.testng.TestNG.runSuitesSequentially(TestNG.java:1224)
	at org.testng.TestNG.runSuitesLocally(TestNG.java:1149)
	at org.testng.TestNG.run(TestNG.java:1057)
	at org.testng.remote.AbstractRemoteTestNG.run(AbstractRemoteTestNG.java:114)
	at org.testng.remote.RemoteTestNG.initAndRun(RemoteTestNG.java:251)
	at org.testng.remote.RemoteTestNG.main(RemoteTestNG.java:77)
]]>
    </error>
  </testcase> <!-- get_rolodex_ui_filter_locations -->
  <testcase name="get_rolodex_bio" time="3.405" classname="draup.rolodex"/>
  <testcase name="get_rolodex_executives" time="3.634" classname="draup.rolodex"/>
  <testcase name="get_rolodex_interest" time="3.439" classname="draup.rolodex"/>
  <testcase name="get_rolodex_experience" time="3.494" classname="draup.rolodex"/>
  <testcase name="get_rolodex_blog" time="3.461" classname="draup.rolodex"/>
  <testcase name="get_rolodex_ui_filters_subverticals" time="3.912" classname="draup.rolodex"/>
  <testcase name="get_rolodex_influencer" time="3.507" classname="draup.rolodex"/>
  <testcase name="get_rolodex_knowledge_wall" time="3.540" classname="draup.rolodex"/>
  <testcase name="get_rolodex_ui_filter_level_in_org" time="3.468" classname="draup.rolodex"/>
  <testcase name="get_rolodex_key_executives" time="3.450" classname="draup.rolodex"/>
  <testcase name="get_rolodex_ui_filter_bufunc" time="3.582" classname="draup.rolodex"/>
  <testcase name="get_rolodex_associations" time="3.542" classname="draup.rolodex"/>
  <testcase name="get_rolodex_news" time="3.581" classname="draup.rolodex"/>
  <testcase name="get_rolodex_hired_executive" time="3.463" classname="draup.rolodex"/>
  <testcase name="get_rolodex_education" time="3.435" classname="draup.rolodex"/>
  <testcase name="get_rolodex_outsourcing" time="3.599" classname="draup.rolodex"/>
</testsuite> <!-- draup.rolodex -->
